Determining if the pthread_create exist failed with the following output:
Change Dir: /home/kamiryu/Documents/Universidad/2019_1/Graficas por Computadora/CAT/Proyectos/Proyecto2/Proyecto2/build/CMakeFiles/CMakeTmp

Run Build Command(s):/usr/bin/make cmTC_56c1d/fast 
/usr/bin/make -f CMakeFiles/cmTC_56c1d.dir/build.make CMakeFiles/cmTC_56c1d.dir/build
make[1]: Entering directory '/home/kamiryu/Documents/Universidad/2019_1/Graficas por Computadora/CAT/Proyectos/Proyecto2/Proyecto2/build/CMakeFiles/CMakeTmp'
Building C object CMakeFiles/cmTC_56c1d.dir/CheckSymbolExists.c.o
/usr/bin/cc    -o CMakeFiles/cmTC_56c1d.dir/CheckSymbolExists.c.o   -c "/home/kamiryu/Documents/Universidad/2019_1/Graficas por Computadora/CAT/Proyectos/Proyecto2/Proyecto2/build/CMakeFiles/CMakeTmp/CheckSymbolExists.c"
Linking C executable cmTC_56c1d
/usr/bin/cmake -E cmake_link_script CMakeFiles/cmTC_56c1d.dir/link.txt --verbose=1
/usr/bin/cc      -rdynamic CMakeFiles/cmTC_56c1d.dir/CheckSymbolExists.c.o  -o cmTC_56c1d 
/usr/bin/ld: CMakeFiles/cmTC_56c1d.dir/CheckSymbolExists.c.o: in function `main':
CheckSymbolExists.c:(.text+0x1b): undefined reference to `pthread_create'
collect2: error: ld returned 1 exit status
make[1]: *** [CMakeFiles/cmTC_56c1d.dir/build.make:87: cmTC_56c1d] Error 1
make[1]: Leaving directory '/home/kamiryu/Documents/Universidad/2019_1/Graficas por Computadora/CAT/Proyectos/Proyecto2/Proyecto2/build/CMakeFiles/CMakeTmp'
make: *** [Makefile:121: cmTC_56c1d/fast] Error 2

File /home/kamiryu/Documents/Universidad/2019_1/Graficas por Computadora/CAT/Proyectos/Proyecto2/Proyecto2/build/CMakeFiles/CMakeTmp/CheckSymbolExists.c:
/* */
#include <pthread.h>

int main(int argc, char** argv)
{
  (void)argv;
#ifndef pthread_create
  return ((int*)(&pthread_create))[argc];
#else
  (void)argc;
  return 0;
#endif
}

Determining if the function pthread_create exists in the pthreads failed with the following output:
Change Dir: /home/kamiryu/Documents/Universidad/2019_1/Graficas por Computadora/CAT/Proyectos/Proyecto2/Proyecto2/build/CMakeFiles/CMakeTmp

Run Build Command(s):/usr/bin/make cmTC_aae4d/fast 
/usr/bin/make -f CMakeFiles/cmTC_aae4d.dir/build.make CMakeFiles/cmTC_aae4d.dir/build
make[1]: Entering directory '/home/kamiryu/Documents/Universidad/2019_1/Graficas por Computadora/CAT/Proyectos/Proyecto2/Proyecto2/build/CMakeFiles/CMakeTmp'
Building C object CMakeFiles/cmTC_aae4d.dir/CheckFunctionExists.c.o
/usr/bin/cc   -DCHECK_FUNCTION_EXISTS=pthread_create   -o CMakeFiles/cmTC_aae4d.dir/CheckFunctionExists.c.o   -c /usr/share/cmake-3.14/Modules/CheckFunctionExists.c
Linking C executable cmTC_aae4d
/usr/bin/cmake -E cmake_link_script CMakeFiles/cmTC_aae4d.dir/link.txt --verbose=1
/usr/bin/cc  -DCHECK_FUNCTION_EXISTS=pthread_create    -rdynamic CMakeFiles/cmTC_aae4d.dir/CheckFunctionExists.c.o  -o cmTC_aae4d -lpthreads 
/usr/bin/ld: cannot find -lpthreads
collect2: error: ld returned 1 exit status
make[1]: *** [CMakeFiles/cmTC_aae4d.dir/build.make:87: cmTC_aae4d] Error 1
make[1]: Leaving directory '/home/kamiryu/Documents/Universidad/2019_1/Graficas por Computadora/CAT/Proyectos/Proyecto2/Proyecto2/build/CMakeFiles/CMakeTmp'
make: *** [Makefile:121: cmTC_aae4d/fast] Error 2


